[2mPM 12:33:24[22m [31m[1m[vite][22m[39m [31m[2m(client)[22m[39m Pre-transform error: Transform failed with 1 error:
C:/Users/woojo/OneDrive/Desktop/Movie/src/data/catalog.ts:268:2: ERROR: Expected "]" but found "}"
  Plugin: [35mvite:esbuild[39m
  File: [36mC:/Users/woojo/OneDrive/Desktop/Movie/src/data/catalog.ts[39m:268:2
[33m  
  [33mExpected "]" but found "}"[33m
  266|      posterAlt: '가벼운 웃음이 느껴지는 장면'
  267|    }
  268|    },
     |    ^
  269|    {
  270|      id: 'movie_25',
  [39m
[2mPM 12:33:24[22m [31m[1m[vite][22m[39m [31m[2m(client)[22m[39m Pre-transform error: Transform failed with 1 error:
C:/Users/woojo/OneDrive/Desktop/Movie/src/data/catalog.ts:268:2: ERROR: Expected "]" but found "}"
  Plugin: [35mvite:esbuild[39m
  File: [36mC:/Users/woojo/OneDrive/Desktop/Movie/src/data/catalog.ts[39m:268:2
[33m  
  [33mExpected "]" but found "}"[33m
  266|      posterAlt: '가벼운 웃음이 느껴지는 장면'
  267|    }
  268|    },
     |    ^
  269|    {
  270|      id: 'movie_25',
  [39m
[2mPM 12:33:24[22m [31m[1m[vite][22m[39m [31m[2m(client)[22m[39m Pre-transform error: Transform failed with 1 error:
C:/Users/woojo/OneDrive/Desktop/Movie/src/data/catalog.ts:268:2: ERROR: Expected "]" but found "}"
  Plugin: [35mvite:esbuild[39m
  File: [36mC:/Users/woojo/OneDrive/Desktop/Movie/src/data/catalog.ts[39m:268:2
[33m  
  [33mExpected "]" but found "}"[33m
  266|      posterAlt: '가벼운 웃음이 느껴지는 장면'
  267|    }
  268|    },
     |    ^
  269|    {
  270|      id: 'movie_25',
  [39m
[2mPM 12:33:24[22m [31m[1m[vite][22m[39m [31m[2m(client)[22m[39m Pre-transform error: Transform failed with 1 error:
C:/Users/woojo/OneDrive/Desktop/Movie/src/data/catalog.ts:268:2: ERROR: Expected "]" but found "}"
  Plugin: [35mvite:esbuild[39m
  File: [36mC:/Users/woojo/OneDrive/Desktop/Movie/src/data/catalog.ts[39m:268:2
[33m  
  [33mExpected "]" but found "}"[33m
  266|      posterAlt: '가벼운 웃음이 느껴지는 장면'
  267|    }
  268|    },
     |    ^
  269|    {
  270|      id: 'movie_25',
  [39m
[2mPM 12:33:25[22m [31m[1m[vite][22m[39m [31mInternal server error: Transform failed with 1 error:
C:/Users/woojo/OneDrive/Desktop/Movie/src/data/catalog.ts:268:2: ERROR: Expected "]" but found "}"[39m
  Plugin: [35mvite:esbuild[39m
  File: [36mC:/Users/woojo/OneDrive/Desktop/Movie/src/data/catalog.ts[39m:268:2
[33m  
  [33mExpected "]" but found "}"[33m
  266|      posterAlt: '가벼운 웃음이 느껴지는 장면'
  267|    }
  268|    },
     |    ^
  269|    {
  270|      id: 'movie_25',
  [39m
      at failureErrorWithLog (C:\Users\woojo\OneDrive\Desktop\Movie\node_modules\esbuild\lib\main.js:1467:15)
      at C:\Users\woojo\OneDrive\Desktop\Movie\node_modules\esbuild\lib\main.js:736:50
      at responseCallbacks.<computed> (C:\Users\woojo\OneDrive\Desktop\Movie\node_modules\esbuild\lib\main.js:603:9)
      at handleIncomingPacket (C:\Users\woojo\OneDrive\Desktop\Movie\node_modules\esbuild\lib\main.js:658:12)
      at Socket.readFromStdout (C:\Users\woojo\OneDrive\Desktop\Movie\node_modules\esbuild\lib\main.js:581:7)
      at Socket.emit (node:events:508:28)
      at addChunk (node:internal/streams/readable:559:12)
      at readableAddChunkPushByteMode (node:internal/streams/readable:510:3)
      at Readable.push (node:internal/streams/readable:390:5)
      at Pipe.onStreamRead (node:internal/stream_base_commons:189:23)
[2mPM 12:33:34[22m [31m[1m[vite][22m[39m [31m[2m(client)[22m[39m Pre-transform error: Transform failed with 1 error:
C:/Users/woojo/OneDrive/Desktop/Movie/src/data/catalog.ts:268:2: ERROR: Expected "]" but found "}"
  Plugin: [35mvite:esbuild[39m
  File: [36mC:/Users/woojo/OneDrive/Desktop/Movie/src/data/catalog.ts[39m:268:2
[33m  
  [33mExpected "]" but found "}"[33m
  266|      posterAlt: '가벼운 웃음이 느껴지는 장면'
  267|    }
  268|    },
     |    ^
  269|    {
  270|      id: 'movie_25',
  [39m
[2mPM 12:33:35[22m [31m[1m[vite][22m[39m [31mInternal server error: Transform failed with 1 error:
C:/Users/woojo/OneDrive/Desktop/Movie/src/data/catalog.ts:268:2: ERROR: Expected "]" but found "}"[39m
  Plugin: [35mvite:esbuild[39m
  File: [36mC:/Users/woojo/OneDrive/Desktop/Movie/src/data/catalog.ts[39m:268:2
[33m  
  [33mExpected "]" but found "}"[33m
  266|      posterAlt: '가벼운 웃음이 느껴지는 장면'
  267|    }
  268|    },
     |    ^
  269|    {
  270|      id: 'movie_25',
  [39m
      at failureErrorWithLog (C:\Users\woojo\OneDrive\Desktop\Movie\node_modules\esbuild\lib\main.js:1467:15)
      at C:\Users\woojo\OneDrive\Desktop\Movie\node_modules\esbuild\lib\main.js:736:50
      at responseCallbacks.<computed> (C:\Users\woojo\OneDrive\Desktop\Movie\node_modules\esbuild\lib\main.js:603:9)
      at handleIncomingPacket (C:\Users\woojo\OneDrive\Desktop\Movie\node_modules\esbuild\lib\main.js:658:12)
      at Socket.readFromStdout (C:\Users\woojo\OneDrive\Desktop\Movie\node_modules\esbuild\lib\main.js:581:7)
      at Socket.emit (node:events:508:28)
      at addChunk (node:internal/streams/readable:559:12)
      at readableAddChunkPushByteMode (node:internal/streams/readable:510:3)
      at Readable.push (node:internal/streams/readable:390:5)
      at Pipe.onStreamRead (node:internal/stream_base_commons:189:23)
