
  [32m[1mVITE[22m v6.4.2[39m  [2mready in [0m[1m722[22m[2m[0m ms[22m

  [32m➜[39m  [1mLocal[22m:   [36mhttp://127.0.0.1:[1m5173[22m/[39m
[2mAM 9:38:16[22m [36m[1m[vite][22m[39m [90m[2m(client)[22m[39m [32mhmr update [39m[2m/src/views/RatingView.vue, /src/assets/styles/main.css[22m
[2mAM 9:38:31[22m [36m[1m[vite][22m[39m [90m[2m(client)[22m[39m [32mhmr update [39m[2m/src/views/RatingView.vue, /src/assets/styles/main.css[22m
[2mAM 9:39:06[22m [36m[1m[vite][22m[39m [90m[2m(client)[22m[39m [32mpage reload [39m[2msrc/data/catalog.ts[22m
[2mAM 9:39:06[22m [36m[1m[vite][22m[39m [90m[2m(client)[22m[39m [32mhmr update [39m[2m/src/assets/styles/main.css, /src/views/RatingView.vue[22m
[2mAM 9:39:19[22m [36m[1m[vite][22m[39m [90m[2m(client)[22m[39m [32mpage reload [39m[2msrc/services/recommendationStore.ts[22m
[2mAM 9:39:39[22m [36m[1m[vite][22m[39m [90m[2m(client)[22m[39m [32mpage reload [39m[2msrc/data/rating.ts[22m
[2mAM 9:43:14[22m [36m[1m[vite][22m[39m [90m[2m(client)[22m[39m [32mpage reload [39m[2msrc/router/index.ts[22m
[2mAM 9:43:14[22m [36m[1m[vite][22m[39m [90m[2m(client)[22m[39m [32mhmr update [39m[2m/src/components/home/Header.vue, /src/assets/styles/main.css[22m
[2mAM 10:14:43[22m [36m[1m[vite][22m[39m [90m[2m(client)[22m[39m [32mhmr update [39m[2m/src/views/ListsView.vue, /src/assets/styles/main.css[22m
[2mAM 10:15:25[22m [36m[1m[vite][22m[39m [90m[2m(client)[22m[39m [32mhmr update [39m[2m/src/views/ListsView.vue, /src/assets/styles/main.css[22m
[2mPM 12:31:24[22m [36m[1m[vite][22m[39m [90m[2m(client)[22m[39m [32mpage reload [39m[2msrc/types/recommendation.ts[22m
[2mPM 12:31:36[22m [36m[1m[vite][22m[39m [90m[2m(client)[22m[39m [32mpage reload [39m[2msrc/services/recommendationStore.ts[22m
[2mPM 12:31:49[22m [36m[1m[vite][22m[39m [90m[2m(client)[22m[39m [32mhmr update [39m[2m/src/components/recommendations/RecommendationMovieCard.vue, /src/assets/styles/main.css[22m
[2mPM 12:32:06[22m [36m[1m[vite][22m[39m [90m[2m(client)[22m[39m [32mhmr update [39m[2m/src/views/RecommendationsView.vue, /src/assets/styles/main.css[22m
[2mPM 12:32:32[22m [36m[1m[vite][22m[39m [90m[2m(client)[22m[39m [32mhmr update [39m[2m/src/components/rating/SwipeGuide.vue, /src/assets/styles/main.css[22m
[2mPM 12:32:32[22m [36m[1m[vite][22m[39m [90m[2m(client)[22m[39m [32mhmr update [39m[2m/src/components/rating/RatingActions.vue, /src/assets/styles/main.css[22m
[2mPM 12:33:24[22m [36m[1m[vite][22m[39m [90m[2m(client)[22m[39m [32mpage reload [39m[2msrc/data/catalog.ts[22m
[2mPM 12:33:34[22m [36m[1m[vite][22m[39m [90m[2m(client)[22m[39m [32mhmr update [39m[2m/src/assets/styles/main.css, /src/views/ListsView.vue[22m
[2mPM 12:33:44[22m [36m[1m[vite][22m[39m [90m[2m(client)[22m[39m [32mpage reload [39m[2msrc/data/catalog.ts[22m
[2mPM 12:40:15[22m [36m[1m[vite][22m[39m [90m[2m(client)[22m[39m [32mhmr update [39m[2m/src/components/home/Header.vue, /src/assets/styles/main.css[22m
[2mPM 12:40:15[22m [36m[1m[vite][22m[39m [90m[2m(client)[22m[39m [32mhmr update [39m[2m/src/components/recommendations/RecommendationListCard.vue, /src/assets/styles/main.css[22m
[2mPM 12:40:15[22m [36m[1m[vite][22m[39m [90m[2m(client)[22m[39m [32mhmr update [39m[2m/src/components/home/HeroCTA.vue, /src/assets/styles/main.css[22m
[2mPM 12:40:15[22m [36m[1m[vite][22m[39m [90m[2m(client)[22m[39m [32mhmr update [39m[2m/src/components/rating/PositiveFeedbackForm.vue, /src/assets/styles/main.css[22m
[2mPM 12:40:15[22m [36m[1m[vite][22m[39m [90m[2m(client)[22m[39m [32mhmr update [39m[2m/src/views/RecommendationsView.vue, /src/assets/styles/main.css[22m
[2mPM 12:40:15[22m [36m[1m[vite][22m[39m [90m[2m(client)[22m[39m [32mhmr update [39m[2m/src/components/rating/RatingActions.vue, /src/assets/styles/main.css[22m
[2mPM 12:40:15[22m [36m[1m[vite][22m[39m [90m[2m(client)[22m[39m [32mhmr update [39m[2m/src/views/RatingView.vue, /src/assets/styles/main.css[22m
[2mPM 12:40:15[22m [36m[1m[vite][22m[39m [90m[2m(client)[22m[39m [32mhmr update [39m[2m/src/components/rating/RatingProgress.vue, /src/assets/styles/main.css[22m
[2mPM 12:41:17[22m [36m[1m[vite][22m[39m [90m[2m(client)[22m[39m [32mpage reload [39m[2msrc/services/recommendationStore.ts[22m
[2mPM 12:43:29[22m [36m[1m[vite][22m[39m [90m[2m(client)[22m[39m [32mhmr update [39m[2m/src/components/recommendations/RecommendationMovieCard.vue, /src/assets/styles/main.css[22m
[2mPM 12:43:29[22m [36m[1m[vite][22m[39m [90m[2m(client)[22m[39m [32mhmr update [39m[2m/src/views/RecommendationsView.vue, /src/assets/styles/main.css[22m
[2mPM 12:52:04[22m [36m[1m[vite][22m[39m [90m[2m(client)[22m[39m [32mpage reload [39m[2msrc/services/recommendationRepository.ts[22m
[2mPM 12:52:04[22m [36m[1m[vite][22m[39m [90m[2m(client)[22m[39m [32mpage reload [39m[2msrc/services/recommendationStore.ts[22m
[2mPM 12:52:04[22m [36m[1m[vite][22m[39m [90m[2m(client)[22m[39m [32mhmr update [39m[2m/src/components/home/HeroCTA.vue, /src/assets/styles/main.css[22m
[2mPM 12:52:04[22m [36m[1m[vite][22m[39m [90m[2m(client)[22m[39m [32mhmr update [39m[2m/src/views/RecommendationsView.vue, /src/assets/styles/main.css[22m
[2mPM 12:55:11[22m [36m[1m[vite][22m[39m [90m[2m(client)[22m[39m [32mpage reload [39m[2msrc/services/movie_recommendation_algorithm.ts[22m
[2mPM 12:55:11[22m [36m[1m[vite][22m[39m [90m[2m(client)[22m[39m [32mhmr update [39m[2m/src/components/rating/PositiveFeedbackForm.vue, /src/assets/styles/main.css[22m
[2mPM 12:57:48[22m [36m[1m[vite][22m[39m [90m[2m(client)[22m[39m [32mpage reload [39m[2msrc/services/movie_recommendation_algorithm.ts[22m
[2mPM 12:57:48[22m [36m[1m[vite][22m[39m [90m[2m(client)[22m[39m [32mhmr update [39m[2m/src/components/rating/PositiveFeedbackForm.vue, /src/assets/styles/main.css[22m
[2mPM 1:03:09[22m [36m[1m[vite][22m[39m [90m[2m(client)[22m[39m [32mpage reload [39m[2msrc/types/rating.ts[22m
[2mPM 1:04:06[22m [36m[1m[vite][22m[39m [90m[2m(client)[22m[39m [32mhmr update [39m[2m/src/components/rating/PositiveFeedbackForm.vue, /src/assets/styles/main.css[22m
[2mPM 1:04:13[22m [36m[1m[vite][22m[39m [90m[2m(client)[22m[39m [32mhmr update [39m[2m/src/views/RatingView.vue, /src/assets/styles/main.css[22m
[2mPM 1:06:50[22m [36m[1m[vite][22m[39m [90m[2m(client)[22m[39m [32mhmr update [39m[2m/src/components/rating/PositiveFeedbackForm.vue, /src/assets/styles/main.css[22m
[2mPM 1:06:56[22m [36m[1m[vite][22m[39m [90m[2m(client)[22m[39m [32mhmr update [39m[2m/src/assets/styles/main.css[22m
[2mPM 1:08:35[22m [36m[1m[vite][22m[39m [90m[2m(client)[22m[39m [32mhmr update [39m[2m/src/components/rating/PositiveFeedbackForm.vue, /src/assets/styles/main.css[22m
[2mPM 1:23:11[22m [36m[1m[vite][22m[39m [90m[2m(client)[22m[39m [32mhmr update [39m[2m/src/components/lists/ListComposerCard.vue, /src/assets/styles/main.css[22m
[2mPM 1:54:33[22m [36m[1m[vite][22m[39m [90m[2m(client)[22m[39m [32mhmr update [39m[2m/src/components/rating/PositiveFeedbackForm.vue, /src/assets/styles/main.css[22m
[2mPM 10:26:50[22m [36m[1m[vite][22m[39m [90m[2m(client)[22m[39m [32mhmr update [39m[2m/src/components/lists/SharedListCard.vue, /src/assets/styles/main.css[22m
[2mPM 10:26:50[22m [36m[1m[vite][22m[39m [90m[2m(client)[22m[39m [32mhmr update [39m[2m/src/components/rating/PositiveFeedbackForm.vue, /src/assets/styles/main.css[22m
[2mPM 10:31:49[22m [36m[1m[vite][22m[39m [90m[2m(client)[22m[39m [32mpage reload [39m[2msrc/types/lists.ts[22m
[2mPM 10:31:49[22m [36m[1m[vite][22m[39m [90m[2m(client)[22m[39m [32mhmr update [39m[2m/src/components/lists/ListComposerCard.vue, /src/assets/styles/main.css[22m
[2mPM 10:31:49[22m [36m[1m[vite][22m[39m [90m[2m(client)[22m[39m [32mhmr update [39m[2m/src/views/ListsView.vue, /src/assets/styles/main.css[22m
[2mPM 10:32:32[22m [36m[1m[vite][22m[39m [90m[2m(client)[22m[39m [32mhmr update [39m[2m/src/components/lists/ListComposerCard.vue, /src/assets/styles/main.css[22m
[2mPM 10:32:39[22m [36m[1m[vite][22m[39m [90m[2m(client)[22m[39m [32mhmr update [39m[2m/src/views/ListsView.vue, /src/assets/styles/main.css[22m
[2mPM 10:32:53[22m [36m[1m[vite][22m[39m [90m[2m(client)[22m[39m [32mhmr update [39m[2m/src/components/lists/ListComposerCard.vue, /src/assets/styles/main.css[22m
[2mPM 10:37:02[22m [36m[1m[vite][22m[39m [90m[2m(client)[22m[39m [32mhmr update [39m[2m/src/views/RecommendationsView.vue, /src/assets/styles/main.css[22m
[2mPM 10:37:02[22m [36m[1m[vite][22m[39m [90m[2m(client)[22m[39m [32mhmr update [39m[2m/src/components/recommendations/RecommendationMovieCard.vue, /src/assets/styles/main.css[22m
[2mPM 10:48:27[22m [36m[1m[vite][22m[39m [90m[2m(client)[22m[39m [32mhmr update [39m[2m/src/components/recommendations/RecommendationMovieCard.vue, /src/assets/styles/main.css[22m
[2mPM 10:48:27[22m [36m[1m[vite][22m[39m [90m[2m(client)[22m[39m [32mhmr update [39m[2m/src/views/RecommendationsView.vue, /src/assets/styles/main.css[22m
[2mPM 11:08:43[22m [36m[1m[vite][22m[39m [90m[2m(client)[22m[39m [32mpage reload [39m[2msrc/types/lists.ts[22m
[2mPM 11:08:43[22m [36m[1m[vite][22m[39m [90m[2m(client)[22m[39m [32mpage reload [39m[2msrc/services/recommendationStore.ts[22m
[2mPM 11:08:43[22m [36m[1m[vite][22m[39m [90m[2m(client)[22m[39m [32mhmr update [39m[2m/src/views/ListsView.vue, /src/assets/styles/main.css[22m
[2mPM 11:08:43[22m [36m[1m[vite][22m[39m [90m[2m(client)[22m[39m [32mhmr update [39m[2m/src/components/recommendations/RecommendationListCard.vue, /src/assets/styles/main.css[22m
[2mPM 11:08:43[22m [36m[1m[vite][22m[39m [90m[2m(client)[22m[39m [32mhmr update [39m[2m/src/views/RecommendationsView.vue, /src/assets/styles/main.css[22m
[2mPM 11:13:32[22m [36m[1m[vite][22m[39m [90m[2m(client)[22m[39m [32mhmr update [39m[2m/src/views/ListsView.vue, /src/assets/styles/main.css, /src/views/RecommendationsView.vue[22m
[2mPM 11:13:32[22m [36m[1m[vite][22m[39m [90m[2m(client)[22m[39m [32mhmr update [39m[2m/src/views/RecommendationsView.vue, /src/assets/styles/main.css[22m
[2mPM 11:14:20[22m [36m[1m[vite][22m[39m [90m[2m(client)[22m[39m [32mhmr update [39m[2m/src/views/ListsView.vue, /src/assets/styles/main.css, /src/views/RecommendationsView.vue[22m
[2mPM 11:14:20[22m [36m[1m[vite][22m[39m [90m[2m(client)[22m[39m [32mhmr update [39m[2m/src/views/RecommendationsView.vue, /src/assets/styles/main.css[22m
[2mPM 11:58:22[22m [36m[1m[vite][22m[39m [32m.env.local changed, restarting server...[39m
[2mPM 11:58:23[22m [36m[1m[vite][22m[39m server restarted.
[2mPM 11:58:32[22m [36m[1m[vite][22m[39m [32m.env.local changed, restarting server...[39m
[2mPM 11:58:32[22m [36m[1m[vite][22m[39m server restarted.
[2mAM 12:00:12[22m [36m[1m[vite][22m[39m [90m[2m(client)[22m[39m [32mpage reload [39m[2msrc/data/catalog.ts[22m
[2mAM 12:00:12[22m [36m[1m[vite][22m[39m [90m[2m(client)[22m[39m [32mhmr update [39m[2m/src/assets/styles/main.css, /src/views/ListsView.vue, /src/views/RecommendationsView.vue, /src/views/RatingView.vue[22m
[2mAM 12:00:34[22m [36m[1m[vite][22m[39m [90m[2m(client)[22m[39m [32mpage reload [39m[2msrc/types/lists.ts[22m
[2mAM 12:00:34[22m [36m[1m[vite][22m[39m [90m[2m(client)[22m[39m [32mhmr update [39m[2m/src/assets/styles/main.css, /src/views/RatingView.vue[22m
[2mAM 12:00:48[22m [36m[1m[vite][22m[39m [90m[2m(client)[22m[39m [32mpage reload [39m[2msrc/types/lists.ts[22m
[2mAM 12:17:35[22m [36m[1m[vite][22m[39m [90m[2m(client)[22m[39m [32mpage reload [39m[2msrc/router/index.ts[22m
[2mAM 12:17:35[22m [36m[1m[vite][22m[39m [90m[2m(client)[22m[39m [32mpage reload [39m[2msrc/main.ts[22m
[2mAM 12:17:35[22m [36m[1m[vite][22m[39m [90m[2m(client)[22m[39m [32mpage reload [39m[2msrc/vite-env.d.ts[22m
[2mAM 12:17:36[22m [36m[1m[vite][22m[39m [90m[2m(client)[22m[39m [32m✨ new dependencies optimized: [33mpinia, @supabase/supabase-js[32m[39m
[2mAM 12:17:36[22m [36m[1m[vite][22m[39m [90m[2m(client)[22m[39m [32m✨ optimized dependencies changed. reloading[39m
[2mAM 12:17:59[22m [36m[1m[vite][22m[39m [90m[2m(client)[22m[39m [32mhmr update [39m[2m/src/components/home/Header.vue, /src/assets/styles/main.css[22m
[2mAM 12:19:59[22m [36m[1m[vite][22m[39m [90m[2m(client)[22m[39m [32mpage reload [39m[2msrc/services/recommendationStore.ts[22m
[2mAM 12:19:59[22m [36m[1m[vite][22m[39m [90m[2m(client)[22m[39m [32mhmr update [39m[2m/src/assets/styles/main.css, /src/views/ListsView.vue, /src/views/RecommendationsView.vue[22m
[2mAM 12:20:09[22m [36m[1m[vite][22m[39m [90m[2m(client)[22m[39m [32mpage reload [39m[2msrc/stores/auth.ts[22m
[2mAM 12:20:19[22m [36m[1m[vite][22m[39m [90m[2m(client)[22m[39m [32mhmr update [39m[2m/src/views/LoginView.vue, /src/assets/styles/main.css[22m
[2mAM 12:01:37[22m [36m[1m[vite][22m[39m [32m.env.local changed, restarting server...[39m
[2mAM 12:01:38[22m [36m[1m[vite][22m[39m server restarted.
[2mAM 12:02:18[22m [36m[1m[vite][22m[39m [32m.env.local changed, restarting server...[39m
[2mAM 12:02:18[22m [36m[1m[vite][22m[39m server restarted.
[2mAM 12:48:22[22m [36m[1m[vite][22m[39m [32m.env.local changed, restarting server...[39m
[2mAM 12:48:22[22m [36m[1m[vite][22m[39m server restarted.
