
> movielist@0.1.0 dev
> vite --host 0.0.0.0


  [32m[1mVITE[22m v6.4.2[39m  [2mready in [0m[1m741[22m[2m[0m ms[22m

  [32m➜[39m  [1mLocal[22m:   [36mhttp://localhost:[1m5173[22m/[39m
  [32m➜[39m  [1mNetwork[22m: [36mhttp://172.30.1.81:[1m5173[22m/[39m
[2mAM 12:54:39[22m [36m[1m[vite][22m[39m [90m[2m(client)[22m[39m [32mpage reload [39m[2msrc/data/rating.ts[22m
[2mAM 12:54:39[22m [36m[1m[vite][22m[39m [90m[2m(client)[22m[39m [32mhmr update [39m[2m/src/components/home/HeroCTA.vue, /src/assets/styles/main.css[22m
[2mAM 12:54:39[22m [36m[1m[vite][22m[39m [90m[2m(client)[22m[39m [32mhmr update [39m[2m/src/views/RecommendationsView.vue, /src/assets/styles/main.css[22m
[2mAM 12:54:40[22m [36m[1m[vite][22m[39m [90m[2m(client)[22m[39m [32mhmr update [39m[2m/src/views/RatingView.vue, /src/assets/styles/main.css[22m
[2mAM 10:33:59[22m [36m[1m[vite][22m[39m [90m[2m(client)[22m[39m [32mpage reload [39m[2msrc/stores/auth.ts[22m
[2mPM 1:00:21[22m [36m[1m[vite][22m[39m [90m[2m(client)[22m[39m [32mhmr update [39m[2m/src/components/home/Header.vue, /src/assets/styles/main.css[22m
[2mPM 1:00:27[22m [36m[1m[vite][22m[39m [90m[2m(client)[22m[39m [32mhmr update [39m[2m/src/components/home/Header.vue, /src/assets/styles/main.css[22m
[2mPM 1:00:37[22m [36m[1m[vite][22m[39m [90m[2m(client)[22m[39m [32mhmr update [39m[2m/src/components/home/Header.vue, /src/assets/styles/main.css[22m
[2mPM 1:00:55[22m [36m[1m[vite][22m[39m [90m[2m(client)[22m[39m [32mhmr update [39m[2m/src/components/home/Header.vue, /src/assets/styles/main.css[22m
[2mPM 1:03:04[22m [36m[1m[vite][22m[39m [90m[2m(client)[22m[39m [32mhmr update [39m[2m/src/components/home/Header.vue, /src/assets/styles/main.css[22m
[2mPM 1:04:23[22m [36m[1m[vite][22m[39m [90m[2m(client)[22m[39m [32mhmr update [39m[2m/src/components/home/HeroCTA.vue, /src/assets/styles/main.css[22m
[2mPM 1:10:04[22m [36m[1m[vite][22m[39m [90m[2m(client)[22m[39m [32mhmr update [39m[2m/src/components/home/Header.vue, /src/assets/styles/main.css[22m
[2mPM 1:23:22[22m [36m[1m[vite][22m[39m [90m[2m(client)[22m[39m [32mpage reload [39m[2msrc/stores/auth.ts[22m
[2mPM 1:23:25[22m [36m[1m[vite][22m[39m [90m[2m(client)[22m[39m [32mpage reload [39m[2msrc/stores/auth.ts[22m
[2mPM 1:30:16[22m [36m[1m[vite][22m[39m [90m[2m(client)[22m[39m [32mpage reload [39m[2msrc/vite-env.d.ts[22m
[2mPM 1:30:24[22m [36m[1m[vite][22m[39m [90m[2m(client)[22m[39m [32mpage reload [39m[2msrc/lib/supabase.ts[22m
[2mPM 1:30:46[22m [36m[1m[vite][22m[39m [90m[2m(client)[22m[39m [32mpage reload [39m[2msrc/services/recommendationRepository.ts[22m
[2mPM 1:31:12[22m [36m[1m[vite][22m[39m [90m[2m(client)[22m[39m [32mpage reload [39m[2msrc/services/recommendationStore.ts[22m
[2mPM 1:31:18[22m [36m[1m[vite][22m[39m [90m[2m(client)[22m[39m [32mpage reload [39m[2msrc/stores/auth.ts[22m
[2mPM 1:31:35[22m [36m[1m[vite][22m[39m [90m[2m(client)[22m[39m [32mpage reload [39m[2msrc/services/recommendationRepository.ts[22m
[2mPM 1:31:38[22m [36m[1m[vite][22m[39m [90m[2m(client)[22m[39m [32mpage reload [39m[2msrc/services/recommendationStore.ts[22m
[2mPM 1:31:42[22m [36m[1m[vite][22m[39m [90m[2m(client)[22m[39m [32mpage reload [39m[2msrc/stores/auth.ts[22m
[2mPM 1:32:09[22m [36m[1m[vite][22m[39m [90m[2m(client)[22m[39m [32mpage reload [39m[2msrc/services/recommendationRepository.ts[22m
[2mPM 1:40:40[22m [36m[1m[vite][22m[39m [90m[2m(client)[22m[39m [32mpage reload [39m[2msrc/data/catalog.ts[22m
[2mPM 1:40:40[22m [36m[1m[vite][22m[39m [90m[2m(client)[22m[39m [32mpage reload [39m[2msrc/data/movieCredits.ts[22m
[2mPM 1:46:31[22m [36m[1m[vite][22m[39m [90m[2m(client)[22m[39m [32mpage reload [39m[2msrc/services/recommendationStore.ts[22m
[2mPM 1:46:37[22m [36m[1m[vite][22m[39m [90m[2m(client)[22m[39m [32mpage reload [39m[2msrc/services/recommendationStore.ts[22m
[2mPM 2:04:47[22m [36m[1m[vite][22m[39m [90m[2m(client)[22m[39m [32mpage reload [39m[2msrc/types/home.ts[22m
[2mPM 2:04:50[22m [36m[1m[vite][22m[39m [90m[2m(client)[22m[39m [32mhmr update [39m[2m/src/assets/styles/main.css, /src/views/HomeView.vue[22m
[2mPM 2:05:27[22m [36m[1m[vite][22m[39m [90m[2m(client)[22m[39m [32mhmr update [39m[2m/src/views/HomeView.vue, /src/assets/styles/main.css[22m
[2mPM 2:05:49[22m [36m[1m[vite][22m[39m [90m[2m(client)[22m[39m [32mhmr update [39m[2m/src/components/home/MovieRankCard.vue, /src/assets/styles/main.css[22m
[2mPM 2:06:00[22m [36m[1m[vite][22m[39m [90m[2m(client)[22m[39m [32mhmr update [39m[2m/src/components/home/MovieRankCard.vue[22m
[2mPM 2:03:45[22m [36m[1m[vite][22m[39m [90m[2m(client)[22m[39m [32mpage reload [39m[2msrc/services/recommendationStore.ts[22m
[2mPM 2:03:58[22m [36m[1m[vite][22m[39m [90m[2m(client)[22m[39m [32mpage reload [39m[2msrc/stores/auth.ts[22m
[2mPM 2:04:17[22m [36m[1m[vite][22m[39m [90m[2m(client)[22m[39m [32mhmr update [39m[2m/src/components/home/HeroCTA.vue, /src/assets/styles/main.css[22m
[2mPM 2:04:30[22m [36m[1m[vite][22m[39m [90m[2m(client)[22m[39m [32mhmr update [39m[2m/src/components/home/HeroCTA.vue, /src/assets/styles/main.css[22m
[2mPM 2:06:18[22m [36m[1m[vite][22m[39m [90m[2m(client)[22m[39m [32mhmr update [39m[2m/src/views/RatingView.vue, /src/assets/styles/main.css[22m
[2mPM 2:08:14[22m [36m[1m[vite][22m[39m [90m[2m(client)[22m[39m [32mhmr update [39m[2m/src/views/RatingView.vue, /src/assets/styles/main.css[22m
[2mPM 2:09:49[22m [36m[1m[vite][22m[39m [90m[2m(client)[22m[39m [32mhmr update [39m[2m/src/views/RatingView.vue, /src/assets/styles/main.css[22m
[2mPM 2:35:13[22m [36m[1m[vite][22m[39m [90m[2m(client)[22m[39m [32mpage reload [39m[2msrc/services/listRepository.ts[22m
[2mPM 2:35:13[22m [36m[1m[vite][22m[39m [90m[2m(client)[22m[39m [32mpage reload [39m[2msrc/services/listSearchService.ts[22m
[2mPM 2:35:13[22m [36m[1m[vite][22m[39m [90m[2m(client)[22m[39m [32mpage reload [39m[2msrc/services/listStore.ts[22m
[2mPM 2:35:13[22m [36m[1m[vite][22m[39m [90m[2m(client)[22m[39m [32mhmr update [39m[2m/src/assets/styles/main.css, /src/views/RatingView.vue[22m
[2mPM 2:35:13[22m [36m[1m[vite][22m[39m [90m[2m(client)[22m[39m [32mpage reload [39m[2msrc/services/movie_recommendation_algorithm.ts[22m
[2mPM 2:35:13[22m [36m[1m[vite][22m[39m [90m[2m(client)[22m[39m [32mpage reload [39m[2msrc/services/onboarding.ts[22m
[2mPM 2:35:13[22m [36m[1m[vite][22m[39m [90m[2m(client)[22m[39m [32mhmr update [39m[2m/src/assets/styles/main.css, /src/views/RatingView.vue[22m
[2mPM 2:35:13[22m [36m[1m[vite][22m[39m [90m[2m(client)[22m[39m [32mpage reload [39m[2msrc/services/recommendationRepository.ts[22m
[2mPM 2:35:13[22m [36m[1m[vite][22m[39m [90m[2m(client)[22m[39m [32mpage reload [39m[2msrc/services/recommendationStore.ts[22m
[2mPM 2:35:17[22m [36m[1m[vite][22m[39m [90m[2m(client)[22m[39m [32mpage reload [39m[2msrc/services/listRepository.ts[22m
[2mPM 2:35:17[22m [36m[1m[vite][22m[39m [90m[2m(client)[22m[39m [32mpage reload [39m[2msrc/services/listStore.ts[22m
[2mPM 2:35:17[22m [36m[1m[vite][22m[39m [90m[2m(client)[22m[39m [32mhmr update [39m[2m/src/assets/styles/main.css, /src/views/RatingView.vue[22m
[2mPM 2:35:17[22m [36m[1m[vite][22m[39m [90m[2m(client)[22m[39m [32mpage reload [39m[2msrc/services/listSearchService.ts[22m
[2mPM 2:35:17[22m [36m[1m[vite][22m[39m [90m[2m(client)[22m[39m [32mpage reload [39m[2msrc/services/movie_recommendation_algorithm.ts[22m
[2mPM 2:35:17[22m [36m[1m[vite][22m[39m [90m[2m(client)[22m[39m [32mpage reload [39m[2msrc/services/onboarding.ts[22m
[2mPM 2:35:17[22m [36m[1m[vite][22m[39m [90m[2m(client)[22m[39m [32mhmr update [39m[2m/src/assets/styles/main.css, /src/views/RatingView.vue[22m
[2mPM 2:35:17[22m [36m[1m[vite][22m[39m [90m[2m(client)[22m[39m [32mpage reload [39m[2msrc/services/recommendationRepository.ts[22m
[2mPM 2:35:17[22m [36m[1m[vite][22m[39m [90m[2m(client)[22m[39m [32mpage reload [39m[2msrc/services/recommendationStore.ts[22m
[2mPM 2:58:53[22m [36m[1m[vite][22m[39m [90m[2m(client)[22m[39m [32mhmr update [39m[2m/src/assets/styles/main.css, /src/views/RatingView.vue, /src/views/RecommendationsView.vue[22m
[2mPM 2:58:59[22m [36m[1m[vite][22m[39m [90m[2m(client)[22m[39m [32mhmr update [39m[2m/src/views/RatingView.vue, /src/assets/styles/main.css[22m
[2mPM 3:01:42[22m [36m[1m[vite][22m[39m [90m[2m(client)[22m[39m [32mpage reload [39m[2msrc/data/rating.ts[22m
[2mPM 3:02:02[22m [36m[1m[vite][22m[39m [90m[2m(client)[22m[39m [32mpage reload [39m[2msrc/data/rating.ts[22m
[2mPM 3:02:09[22m [36m[1m[vite][22m[39m [90m[2m(client)[22m[39m [32mhmr update [39m[2m/src/views/RatingView.vue, /src/assets/styles/main.css[22m
[2mPM 3:03:08[22m [36m[1m[vite][22m[39m [90m[2m(client)[22m[39m [32mhmr update [39m[2m/src/views/RatingView.vue, /src/assets/styles/main.css[22m
[2mPM 3:03:15[22m [36m[1m[vite][22m[39m [90m[2m(client)[22m[39m [32mpage reload [39m[2msrc/services/recommendationStore.ts[22m
[2mPM 3:03:25[22m [36m[1m[vite][22m[39m [90m[2m(client)[22m[39m [32mhmr update [39m[2m/src/components/home/HeroCTA.vue, /src/assets/styles/main.css[22m
[2mPM 3:03:49[22m [36m[1m[vite][22m[39m [90m[2m(client)[22m[39m [32mhmr update [39m[2m/src/components/home/HeroCTA.vue[22m
[2mPM 3:04:06[22m [36m[1m[vite][22m[39m [90m[2m(client)[22m[39m [32mhmr update [39m[2m/src/views/RecommendationsView.vue, /src/assets/styles/main.css[22m
[2mPM 3:04:37[22m [36m[1m[vite][22m[39m [90m[2m(client)[22m[39m [32mhmr update [39m[2m/src/views/RecommendationsView.vue[22m
[2mPM 3:23:52[22m [36m[1m[vite][22m[39m [90m[2m(client)[22m[39m [32mpage reload [39m[2msrc/services/recommendationStore.ts[22m
[2mPM 3:24:46[22m [36m[1m[vite][22m[39m [90m[2m(client)[22m[39m [32mpage reload [39m[2msrc/services/recommendationStore.ts[22m
[2mPM 3:24:59[22m [36m[1m[vite][22m[39m [90m[2m(client)[22m[39m [32mhmr update [39m[2m/src/views/RatingView.vue, /src/assets/styles/main.css[22m
[2mPM 3:28:30[22m [36m[1m[vite][22m[39m [90m[2m(client)[22m[39m [32mhmr update [39m[2m/src/views/RatingView.vue, /src/assets/styles/main.css[22m
[2mPM 3:42:04[22m [36m[1m[vite][22m[39m [90m[2m(client)[22m[39m [32mpage reload [39m[2msrc/data/catalog.ts[22m
[2mPM 3:42:04[22m [36m[1m[vite][22m[39m [90m[2m(client)[22m[39m [32mpage reload [39m[2msrc/data/movieCredits.ts[22m
[2mPM 4:40:00[22m [36m[1m[vite][22m[39m [90m[2m(client)[22m[39m [32mpage reload [39m[2msrc/types/recommendation.ts[22m
[2mPM 4:40:09[22m [36m[1m[vite][22m[39m [90m[2m(client)[22m[39m [32mpage reload [39m[2msrc/services/recommendationStore.ts[22m
[2mPM 4:41:15[22m [36m[1m[vite][22m[39m [90m[2m(client)[22m[39m [32mpage reload [39m[2msrc/router/index.ts[22m
[2mPM 4:42:29[22m [36m[1m[vite][22m[39m [90m[2m(client)[22m[39m [32mhmr update [39m[2m/src/components/home/Header.vue, /src/assets/styles/main.css[22m
[2mPM 4:42:56[22m [36m[1m[vite][22m[39m [90m[2m(client)[22m[39m [32mhmr update [39m[2m/src/components/home/Header.vue[22m
[2mPM 4:45:39[22m [36m[1m[vite][22m[39m [90m[2m(client)[22m[39m [32mhmr update [39m[2m/src/components/history/RatedMovieHistoryCard.vue, /src/assets/styles/main.css[22m
[2mPM 4:46:07[22m [36m[1m[vite][22m[39m [90m[2m(client)[22m[39m [32mhmr update [39m[2m/src/components/history/RatedMovieHistoryCard.vue[22m
[2mPM 4:46:15[22m [36m[1m[vite][22m[39m [90m[2m(client)[22m[39m [32mhmr update [39m[2m/src/views/RatedMoviesView.vue, /src/assets/styles/main.css[22m
[2mPM 4:46:41[22m [36m[1m[vite][22m[39m [90m[2m(client)[22m[39m [32mhmr update [39m[2m/src/views/RatedMoviesView.vue[22m
[2mPM 4:49:08[22m [36m[1m[vite][22m[39m [90m[2m(client)[22m[39m [32mhmr update [39m[2m/src/components/rating/PositiveFeedbackForm.vue, /src/assets/styles/main.css[22m
[2mPM 4:49:44[22m [36m[1m[vite][22m[39m [90m[2m(client)[22m[39m [32mhmr update [39m[2m/src/components/rating/PositiveFeedbackForm.vue[22m
[2mPM 4:49:52[22m [36m[1m[vite][22m[39m [90m[2m(client)[22m[39m [32mhmr update [39m[2m/src/components/history/RatedMovieHistoryCard.vue, /src/assets/styles/main.css[22m
[2mPM 4:50:48[22m [36m[1m[vite][22m[39m [90m[2m(client)[22m[39m [32mpage reload [39m[2msrc/router/index.ts[22m
[2mPM 4:50:58[22m [36m[1m[vite][22m[39m [90m[2m(client)[22m[39m [32mhmr update [39m[2m/src/views/EditRatingView.vue, /src/assets/styles/main.css[22m
[2mPM 10:25:12[22m [36m[1m[vite][22m[39m [90m[2m(client)[22m[39m [32mpage reload [39m[2msrc/lib/supabase.ts[22m
[2mPM 10:25:19[22m [36m[1m[vite][22m[39m [90m[2m(client)[22m[39m [32mpage reload [39m[2msrc/services/listRepository.ts[22m
[2mPM 10:26:13[22m [36m[1m[vite][22m[39m [90m[2m(client)[22m[39m [32mpage reload [39m[2msrc/services/listRepository.ts[22m
[2mPM 10:26:27[22m [36m[1m[vite][22m[39m [90m[2m(client)[22m[39m [32mpage reload [39m[2msrc/services/listStore.ts[22m
[2mPM 10:27:34[22m [36m[1m[vite][22m[39m [90m[2m(client)[22m[39m [32mpage reload [39m[2msrc/services/listStore.ts[22m
[2mPM 10:27:42[22m [36m[1m[vite][22m[39m [90m[2m(client)[22m[39m [32mpage reload [39m[2msrc/stores/auth.ts[22m
[2mPM 10:28:57[22m [36m[1m[vite][22m[39m [90m[2m(client)[22m[39m [32mpage reload [39m[2msrc/services/listRepository.ts[22m
[2mPM 10:29:48[22m [36m[1m[vite][22m[39m [90m[2m(client)[22m[39m [32mpage reload [39m[2msrc/services/listRepository.ts[22m
[2mPM 11:21:55[22m [36m[1m[vite][22m[39m [90m[2m(client)[22m[39m [32mpage reload [39m[2msrc/stores/auth.ts[22m
