[2mPM 2:04:50[22m [31m[1m[vite][22m[39m [31m[2m(client)[22m[39m Pre-transform error: Failed to load url /src/data/home.ts (resolved id: C:/Users/woojo/OneDrive/Desktop/Movie/src/data/home.ts) in C:/Users/woojo/OneDrive/Desktop/Movie/src/assets/styles/main.css. Does the file exist?
[2mPM 3:01:42[22m [31m[1m[vite][22m[39m [31m[2m(client)[22m[39m Pre-transform error: Failed to load url /src/data/rating.ts (resolved id: C:/Users/woojo/OneDrive/Desktop/Movie/src/data/rating.ts) in C:/Users/woojo/OneDrive/Desktop/Movie/src/assets/styles/main.css. Does the file exist?
[2mPM 3:01:42[22m [31m[1m[vite][22m[39m [31m[2m(client)[22m[39m Pre-transform error: Failed to load url /src/data/rating.ts (resolved id: C:/Users/woojo/OneDrive/Desktop/Movie/src/data/rating.ts) in C:/Users/woojo/OneDrive/Desktop/Movie/src/assets/styles/main.css. Does the file exist?
[2mPM 3:01:42[22m [31m[1m[vite][22m[39m [31m[2m(client)[22m[39m Pre-transform error: Failed to load url /src/data/rating.ts (resolved id: C:/Users/woojo/OneDrive/Desktop/Movie/src/data/rating.ts) in C:/Users/woojo/OneDrive/Desktop/Movie/src/assets/styles/main.css. Does the file exist?
[2mPM 3:01:42[22m [31m[1m[vite][22m[39m [31m[2m(client)[22m[39m Pre-transform error: Failed to load url /src/data/rating.ts (resolved id: C:/Users/woojo/OneDrive/Desktop/Movie/src/data/rating.ts) in C:/Users/woojo/OneDrive/Desktop/Movie/src/assets/styles/main.css. Does the file exist?
[2mPM 3:23:52[22m [31m[1m[vite][22m[39m [31m[2m(client)[22m[39m Pre-transform error: Failed to load url /src/services/recommendationStore.ts (resolved id: C:/Users/woojo/OneDrive/Desktop/Movie/src/services/recommendationStore.ts) in C:/Users/woojo/OneDrive/Desktop/Movie/src/stores/auth.ts. Does the file exist?
[2mPM 3:23:52[22m [31m[1m[vite][22m[39m [31m[2m(client)[22m[39m Pre-transform error: Failed to load url /src/services/recommendationStore.ts (resolved id: C:/Users/woojo/OneDrive/Desktop/Movie/src/services/recommendationStore.ts) in C:/Users/woojo/OneDrive/Desktop/Movie/src/stores/auth.ts. Does the file exist?
[2mPM 3:23:52[22m [31m[1m[vite][22m[39m [31m[2m(client)[22m[39m Pre-transform error: Failed to load url /src/services/recommendationStore.ts (resolved id: C:/Users/woojo/OneDrive/Desktop/Movie/src/services/recommendationStore.ts) in C:/Users/woojo/OneDrive/Desktop/Movie/src/stores/auth.ts. Does the file exist?
[2mPM 3:23:52[22m [31m[1m[vite][22m[39m [31m[2m(client)[22m[39m Pre-transform error: Failed to load url /src/services/recommendationStore.ts (resolved id: C:/Users/woojo/OneDrive/Desktop/Movie/src/services/recommendationStore.ts) in C:/Users/woojo/OneDrive/Desktop/Movie/src/stores/auth.ts. Does the file exist?
[2mPM 3:23:52[22m [31m[1m[vite][22m[39m [31m[2m(client)[22m[39m Pre-transform error: Failed to load url /src/services/recommendationStore.ts (resolved id: C:/Users/woojo/OneDrive/Desktop/Movie/src/services/recommendationStore.ts) in C:/Users/woojo/OneDrive/Desktop/Movie/src/stores/auth.ts. Does the file exist?
[2mPM 4:49:28[22m [31m[1m[vite][22m[39m [31m[2m(client)[22m[39m Pre-transform error: Failed to load url /src/components/rating/PositiveFeedbackForm.vue (resolved id: C:/Users/woojo/OneDrive/Desktop/Movie/src/components/rating/PositiveFeedbackForm.vue) in C:/Users/woojo/OneDrive/Desktop/Movie/src/views/RatingView.vue. Does the file exist?
[2mPM 10:25:19[22m [31m[1m[vite][22m[39m [31m[2m(client)[22m[39m Pre-transform error: Failed to load url /src/services/listRepository.ts (resolved id: C:/Users/woojo/OneDrive/Desktop/Movie/src/services/listRepository.ts) in C:/Users/woojo/OneDrive/Desktop/Movie/src/assets/styles/main.css. Does the file exist?
[2mPM 10:26:27[22m [31m[1m[vite][22m[39m [31m[2m(client)[22m[39m Pre-transform error: Failed to load url /src/services/listStore.ts (resolved id: C:/Users/woojo/OneDrive/Desktop/Movie/src/services/listStore.ts) in C:/Users/woojo/OneDrive/Desktop/Movie/src/stores/auth.ts. Does the file exist?
[2mPM 10:26:27[22m [31m[1m[vite][22m[39m [31m[2m(client)[22m[39m Pre-transform error: Failed to load url /src/services/listStore.ts (resolved id: C:/Users/woojo/OneDrive/Desktop/Movie/src/services/listStore.ts) in C:/Users/woojo/OneDrive/Desktop/Movie/src/stores/auth.ts. Does the file exist?
[2mPM 10:26:27[22m [31m[1m[vite][22m[39m [31m[2m(client)[22m[39m Pre-transform error: Failed to load url /src/services/listStore.ts (resolved id: C:/Users/woojo/OneDrive/Desktop/Movie/src/services/listStore.ts) in C:/Users/woojo/OneDrive/Desktop/Movie/src/stores/auth.ts. Does the file exist?
[2mPM 11:51:29[22m [31m[1m[vite][22m[39m [31m[2m(client)[22m[39m Pre-transform error: Failed to load url /src/data/home.ts (resolved id: C:/Users/woojo/OneDrive/Desktop/Movie/src/data/home.ts) in C:/Users/woojo/OneDrive/Desktop/Movie/src/views/HomeView.vue. Does the file exist?
[2mPM 12:41:07[22m [31m[1m[vite][22m[39m [31m[2m(client)[22m[39m Pre-transform error: Failed to load url /src/services/listRepository.ts (resolved id: C:/Users/woojo/OneDrive/Desktop/Movie/src/services/listRepository.ts) in C:/Users/woojo/OneDrive/Desktop/Movie/src/assets/styles/main.css. Does the file exist?
[2mPM 12:42:01[22m [31m[1m[vite][22m[39m [31m[2m(client)[22m[39m Pre-transform error: Failed to load url /src/services/listStore.ts (resolved id: C:/Users/woojo/OneDrive/Desktop/Movie/src/services/listStore.ts) in C:/Users/woojo/OneDrive/Desktop/Movie/src/stores/auth.ts. Does the file exist?
[2mPM 12:42:01[22m [31m[1m[vite][22m[39m [31m[2m(client)[22m[39m Pre-transform error: Failed to load url /src/services/listStore.ts (resolved id: C:/Users/woojo/OneDrive/Desktop/Movie/src/services/listStore.ts) in C:/Users/woojo/OneDrive/Desktop/Movie/src/stores/auth.ts. Does the file exist?
[2mPM 12:42:01[22m [31m[1m[vite][22m[39m [31m[2m(client)[22m[39m Pre-transform error: Failed to load url /src/services/listStore.ts (resolved id: C:/Users/woojo/OneDrive/Desktop/Movie/src/services/listStore.ts) in C:/Users/woojo/OneDrive/Desktop/Movie/src/stores/auth.ts. Does the file exist?
[2mPM 1:42:24[22m [31m[1m[vite][22m[39m [31m[2m(client)[22m[39m Pre-transform error: Failed to load url /src/services/recommendationRepository.ts (resolved id: C:/Users/woojo/OneDrive/Desktop/Movie/src/services/recommendationRepository.ts) in C:/Users/woojo/OneDrive/Desktop/Movie/src/assets/styles/main.css. Does the file exist?
[2mPM 2:43:21[22m [31m[1m[vite][22m[39m [31m[2m(client)[22m[39m Pre-transform error: Transform failed with 1 error:
C:/Users/woojo/OneDrive/Desktop/Movie/src/stores/auth.ts:78:55: ERROR: Unterminated string literal
  Plugin: [35mvite:esbuild[39m
  File: [36mC:/Users/woojo/OneDrive/Desktop/Movie/src/stores/auth.ts[39m:78:55
[33m  
  [33mUnterminated string literal[33m
  76 |  
  77 |        await recommendationStore.setActiveUser('guest-user');
  78 |        await listStore.setActiveUser('guest-user', '??);
     |                                                         ^
  79 |      },
  80 |      async initialize() {
  [39m
[2mPM 2:43:21[22m [31m[1m[vite][22m[39m [31m[2m(client)[22m[39m Pre-transform error: Transform failed with 1 error:
C:/Users/woojo/OneDrive/Desktop/Movie/src/stores/auth.ts:78:55: ERROR: Unterminated string literal
  Plugin: [35mvite:esbuild[39m
  File: [36mC:/Users/woojo/OneDrive/Desktop/Movie/src/stores/auth.ts[39m:78:55
[33m  
  [33mUnterminated string literal[33m
  76 |  
  77 |        await recommendationStore.setActiveUser('guest-user');
  78 |        await listStore.setActiveUser('guest-user', '??);
     |                                                         ^
  79 |      },
  80 |      async initialize() {
  [39m
[2mPM 2:43:21[22m [31m[1m[vite][22m[39m [31m[2m(client)[22m[39m Pre-transform error: Transform failed with 1 error:
C:/Users/woojo/OneDrive/Desktop/Movie/src/stores/auth.ts:78:55: ERROR: Unterminated string literal
  Plugin: [35mvite:esbuild[39m
  File: [36mC:/Users/woojo/OneDrive/Desktop/Movie/src/stores/auth.ts[39m:78:55
[33m  
  [33mUnterminated string literal[33m
  76 |  
  77 |        await recommendationStore.setActiveUser('guest-user');
  78 |        await listStore.setActiveUser('guest-user', '??);
     |                                                         ^
  79 |      },
  80 |      async initialize() {
  [39m
[2mPM 2:43:21[22m [31m[1m[vite][22m[39m [31m[2m(client)[22m[39m Pre-transform error: Transform failed with 1 error:
C:/Users/woojo/OneDrive/Desktop/Movie/src/stores/auth.ts:78:55: ERROR: Unterminated string literal
  Plugin: [35mvite:esbuild[39m
  File: [36mC:/Users/woojo/OneDrive/Desktop/Movie/src/stores/auth.ts[39m:78:55
[33m  
  [33mUnterminated string literal[33m
  76 |  
  77 |        await recommendationStore.setActiveUser('guest-user');
  78 |        await listStore.setActiveUser('guest-user', '??);
     |                                                         ^
  79 |      },
  80 |      async initialize() {
  [39m
[2mPM 2:43:21[22m [31m[1m[vite][22m[39m [31mInternal server error: Transform failed with 1 error:
C:/Users/woojo/OneDrive/Desktop/Movie/src/stores/auth.ts:78:55: ERROR: Unterminated string literal[39m
  Plugin: [35mvite:esbuild[39m
  File: [36mC:/Users/woojo/OneDrive/Desktop/Movie/src/stores/auth.ts[39m:78:55
[33m  
  [33mUnterminated string literal[33m
  76 |  
  77 |        await recommendationStore.setActiveUser('guest-user');
  78 |        await listStore.setActiveUser('guest-user', '??);
     |                                                         ^
  79 |      },
  80 |      async initialize() {
  [39m
      at failureErrorWithLog (C:\Users\woojo\OneDrive\Desktop\Movie\node_modules\esbuild\lib\main.js:1467:15)
      at C:\Users\woojo\OneDrive\Desktop\Movie\node_modules\esbuild\lib\main.js:736:50
      at responseCallbacks.<computed> (C:\Users\woojo\OneDrive\Desktop\Movie\node_modules\esbuild\lib\main.js:603:9)
      at handleIncomingPacket (C:\Users\woojo\OneDrive\Desktop\Movie\node_modules\esbuild\lib\main.js:658:12)
      at Socket.readFromStdout (C:\Users\woojo\OneDrive\Desktop\Movie\node_modules\esbuild\lib\main.js:581:7)
      at Socket.emit (node:events:508:28)
      at addChunk (node:internal/streams/readable:559:12)
      at readableAddChunkPushByteMode (node:internal/streams/readable:510:3)
      at Readable.push (node:internal/streams/readable:390:5)
      at Pipe.onStreamRead (node:internal/stream_base_commons:189:23)
[2mPM 2:43:21[22m [31m[1m[vite][22m[39m [31mInternal server error: Transform failed with 1 error:
C:/Users/woojo/OneDrive/Desktop/Movie/src/stores/auth.ts:78:55: ERROR: Unterminated string literal[39m
  Plugin: [35mvite:esbuild[39m
  File: [36mC:/Users/woojo/OneDrive/Desktop/Movie/src/stores/auth.ts[39m:78:55
[33m  
  [33mUnterminated string literal[33m
  76 |  
  77 |        await recommendationStore.setActiveUser('guest-user');
  78 |        await listStore.setActiveUser('guest-user', '??);
     |                                                         ^
  79 |      },
  80 |      async initialize() {
  [39m
      at failureErrorWithLog (C:\Users\woojo\OneDrive\Desktop\Movie\node_modules\esbuild\lib\main.js:1467:15)
      at C:\Users\woojo\OneDrive\Desktop\Movie\node_modules\esbuild\lib\main.js:736:50
      at responseCallbacks.<computed> (C:\Users\woojo\OneDrive\Desktop\Movie\node_modules\esbuild\lib\main.js:603:9)
      at handleIncomingPacket (C:\Users\woojo\OneDrive\Desktop\Movie\node_modules\esbuild\lib\main.js:658:12)
      at Socket.readFromStdout (C:\Users\woojo\OneDrive\Desktop\Movie\node_modules\esbuild\lib\main.js:581:7)
      at Socket.emit (node:events:508:28)
      at addChunk (node:internal/streams/readable:559:12)
      at readableAddChunkPushByteMode (node:internal/streams/readable:510:3)
      at Readable.push (node:internal/streams/readable:390:5)
      at Pipe.onStreamRead (node:internal/stream_base_commons:189:23)
[2mPM 2:43:21[22m [31m[1m[vite][22m[39m [31mInternal server error: Transform failed with 1 error:
C:/Users/woojo/OneDrive/Desktop/Movie/src/stores/auth.ts:78:55: ERROR: Unterminated string literal[39m
  Plugin: [35mvite:esbuild[39m
  File: [36mC:/Users/woojo/OneDrive/Desktop/Movie/src/stores/auth.ts[39m:78:55
[33m  
  [33mUnterminated string literal[33m
  76 |  
  77 |        await recommendationStore.setActiveUser('guest-user');
  78 |        await listStore.setActiveUser('guest-user', '??);
     |                                                         ^
  79 |      },
  80 |      async initialize() {
  [39m
      at failureErrorWithLog (C:\Users\woojo\OneDrive\Desktop\Movie\node_modules\esbuild\lib\main.js:1467:15)
      at C:\Users\woojo\OneDrive\Desktop\Movie\node_modules\esbuild\lib\main.js:736:50
      at responseCallbacks.<computed> (C:\Users\woojo\OneDrive\Desktop\Movie\node_modules\esbuild\lib\main.js:603:9)
      at handleIncomingPacket (C:\Users\woojo\OneDrive\Desktop\Movie\node_modules\esbuild\lib\main.js:658:12)
      at Socket.readFromStdout (C:\Users\woojo\OneDrive\Desktop\Movie\node_modules\esbuild\lib\main.js:581:7)
      at Socket.emit (node:events:508:28)
      at addChunk (node:internal/streams/readable:559:12)
      at readableAddChunkPushByteMode (node:internal/streams/readable:510:3)
      at Readable.push (node:internal/streams/readable:390:5)
      at Pipe.onStreamRead (node:internal/stream_base_commons:189:23)
