
> movielist@0.1.0 dev
> vite --host 0.0.0.0 --host 127.0.0.1 --port 4173

Port 4173 is in use, trying another one...

  [32m[1mVITE[22m v6.4.2[39m  [2mready in [0m[1m753[22m[2m[0m ms[22m

  [32m➜[39m  [1mLocal[22m:   [36mhttp://127.0.0.1:[1m4174[22m/[39m

PWA v1.3.0
mode      generateSW
precache  1 entries (0.00 KiB)
files generated
  dev-dist/sw.js
  dev-dist/workbox-afac4cd2.js
[2mPM 11:04:53[22m [36m[1m[vite][22m[39m [90m[2m(client)[22m[39m [32mhmr update [39m[2m/src/views/RatingView.vue, /src/assets/styles/main.css[22m
[2mPM 11:06:06[22m [36m[1m[vite][22m[39m [90m[2m(client)[22m[39m [32mhmr update [39m[2m/src/views/RatingView.vue, /src/assets/styles/main.css[22m
[2mPM 11:06:28[22m [36m[1m[vite][22m[39m [90m[2m(client)[22m[39m [32mhmr update [39m[2m/src/views/RatingView.vue, /src/assets/styles/main.css[22m
[2mPM 11:06:40[22m [36m[1m[vite][22m[39m [90m[2m(client)[22m[39m [32mhmr update [39m[2m/src/views/RatingView.vue, /src/assets/styles/main.css[22m
[2mPM 11:06:54[22m [36m[1m[vite][22m[39m [90m[2m(client)[22m[39m [32mhmr update [39m[2m/src/views/RatingView.vue, /src/assets/styles/main.css[22m
[2mPM 11:23:11[22m [36m[1m[vite][22m[39m [90m[2m(client)[22m[39m [32mhmr update [39m[2m/src/components/rating/RatingActions.vue, /src/assets/styles/main.css[22m
[2mPM 11:23:23[22m [36m[1m[vite][22m[39m [90m[2m(client)[22m[39m [32mhmr update [39m[2m/src/components/rating/RatingMovieCard.vue, /src/assets/styles/main.css[22m
[2mPM 11:23:39[22m [36m[1m[vite][22m[39m [90m[2m(client)[22m[39m [32mpage reload [39m[2msrc/components/rating/SwipeGuide.vue[22m
[2mPM 11:34:09[22m [36m[1m[vite][22m[39m [90m[2m(client)[22m[39m [32mhmr update [39m[2m/src/components/rating/RatingActions.vue, /src/assets/styles/main.css[22m
[2mPM 11:34:23[22m [36m[1m[vite][22m[39m [90m[2m(client)[22m[39m [32mhmr update [39m[2m/src/views/RecommendationsView.vue, /src/assets/styles/main.css[22m
[2mPM 11:36:25[22m [36m[1m[vite][22m[39m [90m[2m(client)[22m[39m [32mhmr update [39m[2m/src/components/rating/RatingActions.vue, /src/assets/styles/main.css[22m
[2mPM 11:40:25[22m [36m[1m[vite][22m[39m [90m[2m(client)[22m[39m [32mhmr update [39m[2m/src/components/home/PopularListCard.vue, /src/assets/styles/main.css[22m
[2mPM 11:40:25[22m [36m[1m[vite][22m[39m [90m[2m(client)[22m[39m [32mhmr update [39m[2m/src/components/home/PopularListSheet.vue, /src/assets/styles/main.css[22m
[2mPM 11:40:25[22m [36m[1m[vite][22m[39m [90m[2m(client)[22m[39m [32mhmr update [39m[2m/src/components/lists/ListComposerCard.vue, /src/assets/styles/main.css[22m
[2mPM 11:40:25[22m [36m[1m[vite][22m[39m [90m[2m(client)[22m[39m [32mhmr update [39m[2m/src/components/lists/SharedListCard.vue, /src/assets/styles/main.css[22m
[2mPM 11:40:25[22m [36m[1m[vite][22m[39m [90m[2m(client)[22m[39m [32mhmr update [39m[2m/src/components/lists/UserListCard.vue, /src/assets/styles/main.css[22m
[2mPM 11:52:36[22m [36m[1m[vite][22m[39m [90m[2m(client)[22m[39m [32mpage reload [39m[2msrc/types/lists.ts[22m
[2mPM 11:52:36[22m [36m[1m[vite][22m[39m [90m[2m(client)[22m[39m [32mpage reload [39m[2msrc/data/lists.ts[22m
[2mPM 11:52:36[22m [36m[1m[vite][22m[39m [90m[2m(client)[22m[39m [32mpage reload [39m[2msrc/services/listSearchService.ts[22m
[2mPM 11:52:36[22m [36m[1m[vite][22m[39m [90m[2m(client)[22m[39m [32mhmr update [39m[2m/src/views/ListsView.vue, /src/assets/styles/main.css[22m
[2mPM 12:21:48[22m [36m[1m[vite][22m[39m [90m[2m(client)[22m[39m [32mhmr update [39m[2m/src/components/recommendations/RecommendationListCard.vue, /src/assets/styles/main.css[22m
[2mPM 12:24:34[22m [36m[1m[vite][22m[39m [90m[2m(client)[22m[39m [32mhmr update [39m[2m/src/components/recommendations/RecommendationListCard.vue, /src/assets/styles/main.css[22m
[2mPM 12:26:41[22m [36m[1m[vite][22m[39m [90m[2m(client)[22m[39m [32mhmr update [39m[2m/src/components/home/PopularListSheet.vue, /src/assets/styles/main.css[22m
[2mPM 12:26:41[22m [36m[1m[vite][22m[39m [90m[2m(client)[22m[39m [32mhmr update [39m[2m/src/components/rating/RatingMovieCard.vue, /src/assets/styles/main.css[22m
[2mPM 12:30:04[22m [36m[1m[vite][22m[39m [90m[2m(client)[22m[39m [32mhmr update [39m[2m/src/components/rating/PositiveFeedbackForm.vue, /src/assets/styles/main.css[22m
[2mPM 12:32:16[22m [36m[1m[vite][22m[39m [90m[2m(client)[22m[39m [32mhmr update [39m[2m/src/views/RatingView.vue, /src/assets/styles/main.css[22m
[2mPM 12:32:16[22m [36m[1m[vite][22m[39m [90m[2m(client)[22m[39m [32mhmr update [39m[2m/src/views/RatedMoviesView.vue, /src/assets/styles/main.css[22m
[2mPM 12:32:16[22m [36m[1m[vite][22m[39m [90m[2m(client)[22m[39m [32mhmr update [39m[2m/src/views/ListsView.vue, /src/assets/styles/main.css[22m
[2mPM 12:33:59[22m [36m[1m[vite][22m[39m [90m[2m(client)[22m[39m [32mhmr update [39m[2m/src/components/home/HeroCTA.vue, /src/assets/styles/main.css[22m
[2mPM 12:36:12[22m [36m[1m[vite][22m[39m [90m[2m(client)[22m[39m [32mhmr update [39m[2m/src/views/RecommendationsView.vue, /src/assets/styles/main.css[22m
[2mPM 12:36:12[22m [36m[1m[vite][22m[39m [90m[2m(client)[22m[39m [32mhmr update [39m[2m/src/views/LibraryView.vue, /src/assets/styles/main.css[22m
[2mPM 12:39:12[22m [36m[1m[vite][22m[39m [90m[2m(client)[22m[39m [32mhmr update [39m[2m/src/views/RatedMoviesView.vue, /src/assets/styles/main.css[22m
[2mPM 12:39:12[22m [36m[1m[vite][22m[39m [90m[2m(client)[22m[39m [32mhmr update [39m[2m/src/views/ListsView.vue, /src/assets/styles/main.css[22m
[2mPM 12:39:12[22m [36m[1m[vite][22m[39m [90m[2m(client)[22m[39m [32mhmr update [39m[2m/src/views/LibraryView.vue, /src/assets/styles/main.css[22m
[2mPM 12:41:47[22m [36m[1m[vite][22m[39m [90m[2m(client)[22m[39m [32mhmr update [39m[2m/src/views/RatedMoviesView.vue, /src/assets/styles/main.css[22m
[2mPM 12:45:20[22m [36m[1m[vite][22m[39m [90m[2m(client)[22m[39m [32mhmr update [39m[2m/src/views/ListsView.vue, /src/assets/styles/main.css[22m
[2mPM 12:46:16[22m [36m[1m[vite][22m[39m [90m[2m(client)[22m[39m [32mhmr update [39m[2m/src/views/ListsView.vue, /src/assets/styles/main.css[22m
[2mPM 12:46:49[22m [36m[1m[vite][22m[39m [90m[2m(client)[22m[39m [32mhmr update [39m[2m/src/views/ListsView.vue, /src/assets/styles/main.css[22m
[2mPM 12:47:29[22m [36m[1m[vite][22m[39m [90m[2m(client)[22m[39m [32mhmr update [39m[2m/src/views/ListsView.vue, /src/assets/styles/main.css[22m
[2mPM 12:48:34[22m [36m[1m[vite][22m[39m [90m[2m(client)[22m[39m [32mhmr update [39m[2m/src/views/ListsView.vue, /src/assets/styles/main.css[22m
[2mPM 12:49:42[22m [36m[1m[vite][22m[39m [90m[2m(client)[22m[39m [32mhmr update [39m[2m/src/views/RatedMoviesView.vue, /src/assets/styles/main.css[22m
[2mPM 12:52:42[22m [36m[1m[vite][22m[39m [90m[2m(client)[22m[39m [32mhmr update [39m[2m/src/views/ListsView.vue, /src/assets/styles/main.css[22m
[2mPM 12:52:49[22m [36m[1m[vite][22m[39m [90m[2m(client)[22m[39m [32mhmr update [39m[2m/src/views/ListsView.vue, /src/assets/styles/main.css[22m
[2mPM 12:55:07[22m [36m[1m[vite][22m[39m [90m[2m(client)[22m[39m [32mhmr update [39m[2m/src/assets/styles/main.css[22m
[2mPM 1:03:04[22m [36m[1m[vite][22m[39m [90m[2m(client)[22m[39m [32mhmr update [39m[2m/src/components/history/RatedMovieHistoryCard.vue, /src/assets/styles/main.css[22m
[2mPM 1:04:00[22m [36m[1m[vite][22m[39m [90m[2m(client)[22m[39m [32mhmr update [39m[2m/src/components/history/RatedMovieHistoryCard.vue[22m
[2mPM 1:04:10[22m [36m[1m[vite][22m[39m [90m[2m(client)[22m[39m [32mhmr update [39m[2m/src/views/RatedMoviesView.vue, /src/assets/styles/main.css[22m
[2mPM 1:11:18[22m [36m[1m[vite][22m[39m [90m[2m(client)[22m[39m [32mhmr update [39m[2m/src/views/ListsView.vue, /src/assets/styles/main.css[22m
[2mPM 1:24:06[22m [36m[1m[vite][22m[39m [90m[2m(client)[22m[39m [32mhmr update [39m[2m/src/views/ListsView.vue, /src/assets/styles/main.css[22m
[2mPM 1:28:44[22m [36m[1m[vite][22m[39m [90m[2m(client)[22m[39m [32mpage reload [39m[2msrc/registerServiceWorker.ts[22m
[2mPM 1:28:50[22m [36m[1m[vite][22m[39m [32mvite.config.ts changed, restarting server...[39m
[2mPM 1:28:50[22m [36m[1m[vite][22m[39m server restarted.
[2mPM 1:32:35[22m [36m[1m[vite][22m[39m [90m[2m(client)[22m[39m [32mpage reload [39m[2msrc/types/rating.ts[22m
[2mPM 1:32:35[22m [36m[1m[vite][22m[39m [90m[2m(client)[22m[39m [32mpage reload [39m[2msrc/types/recommendation.ts[22m
[2mPM 1:32:35[22m [36m[1m[vite][22m[39m [90m[2m(client)[22m[39m [32mhmr update [39m[2m/src/components/rating/NegativeFeedbackForm.vue, /src/assets/styles/main.css[22m
[2mPM 1:32:35[22m [36m[1m[vite][22m[39m [90m[2m(client)[22m[39m [32mhmr update [39m[2m/src/components/recommendations/RecommendationMovieSheet.vue, /src/assets/styles/main.css[22m
[2mPM 1:33:13[22m [36m[1m[vite][22m[39m [90m[2m(client)[22m[39m [32mhmr update [39m[2m/src/views/EditRatingView.vue, /src/assets/styles/main.css[22m
[2mPM 1:34:34[22m [36m[1m[vite][22m[39m [90m[2m(client)[22m[39m [32mhmr update [39m[2m/src/views/RatingView.vue, /src/assets/styles/main.css[22m
[2mPM 1:43:22[22m [36m[1m[vite][22m[39m [90m[2m(client)[22m[39m [32mpage reload [39m[2msrc/vite-env.d.ts[22m
[2mPM 1:44:38[22m [36m[1m[vite][22m[39m [90m[2m(client)[22m[39m [32mhmr update [39m[2m/src/views/EditRatingView.vue, /src/assets/styles/main.css[22m
[2mPM 1:45:00[22m [36m[1m[vite][22m[39m [90m[2m(client)[22m[39m [32mhmr update [39m[2m/src/views/RatingView.vue, /src/assets/styles/main.css[22m
[2mPM 1:45:14[22m [36m[1m[vite][22m[39m [90m[2m(client)[22m[39m [32mhmr update [39m[2m/src/views/RatingView.vue, /src/assets/styles/main.css[22m
[2mPM 1:46:23[22m [36m[1m[vite][22m[39m [90m[2m(client)[22m[39m [32mhmr update [39m[2m/src/components/history/RatedMovieHistoryCard.vue, /src/assets/styles/main.css[22m
[2mPM 1:46:23[22m [36m[1m[vite][22m[39m [90m[2m(client)[22m[39m [32mhmr update [39m[2m/src/views/RatedMoviesView.vue, /src/assets/styles/main.css[22m
[2mPM 1:48:03[22m [36m[1m[vite][22m[39m [90m[2m(client)[22m[39m [32mhmr update [39m[2m/src/views/ListsView.vue, /src/assets/styles/main.css[22m
[2mAM 10:26:11[22m [36m[1m[vite][22m[39m [90m[2m(client)[22m[39m [32mhmr update [39m[2m/src/views/ListsView.vue, /src/assets/styles/main.css[22m
[2mAM 10:27:59[22m [36m[1m[vite][22m[39m [90m[2m(client)[22m[39m [32mhmr update [39m[2m/src/assets/styles/main.css[22m
[2mAM 10:28:25[22m [36m[1m[vite][22m[39m [90m[2m(client)[22m[39m [32mpage reload [39m[2msrc/components/rating/SwipeGuide.vue[22m
[2mAM 10:28:25[22m [36m[1m[vite][22m[39m [90m[2m(client)[22m[39m [32mhmr update [39m[2m/src/components/common/HalfStarRating.vue, /src/assets/styles/main.css[22m
[2mAM 10:28:25[22m [36m[1m[vite][22m[39m [90m[2m(client)[22m[39m [32mhmr update [39m[2m/src/components/common/WatchToggleButton.vue, /src/assets/styles/main.css[22m
[2mAM 10:28:25[22m [36m[1m[vite][22m[39m [90m[2m(client)[22m[39m [32mhmr update [39m[2m/src/components/rating/RatingActions.vue, /src/assets/styles/main.css[22m
[2mAM 10:28:25[22m [36m[1m[vite][22m[39m [90m[2m(client)[22m[39m [32mhmr update [39m[2m/src/components/rating/RatingProgress.vue, /src/assets/styles/main.css[22m
[2mAM 10:29:12[22m [36m[1m[vite][22m[39m [90m[2m(client)[22m[39m [32mpage reload [39m[2msrc/components/debug/AuthSessionDebugBanner.vue[22m
[2mAM 10:29:12[22m [36m[1m[vite][22m[39m [90m[2m(client)[22m[39m [32mhmr update [39m[2m/src/components/home/Header.vue, /src/assets/styles/main.css[22m
[2mAM 10:29:12[22m [36m[1m[vite][22m[39m [90m[2m(client)[22m[39m [32mhmr update [39m[2m/src/components/home/HeroCTA.vue, /src/assets/styles/main.css[22m
[2mAM 10:29:12[22m [36m[1m[vite][22m[39m [90m[2m(client)[22m[39m [32mhmr update [39m[2m/src/components/home/MovieRankCard.vue, /src/assets/styles/main.css[22m
[2mAM 10:29:12[22m [36m[1m[vite][22m[39m [90m[2m(client)[22m[39m [32mhmr update [39m[2m/src/components/home/PopularListCard.vue, /src/assets/styles/main.css[22m
[2mAM 10:29:12[22m [36m[1m[vite][22m[39m [90m[2m(client)[22m[39m [32mhmr update [39m[2m/src/components/home/PopularListSheet.vue, /src/assets/styles/main.css[22m
[2mAM 10:29:12[22m [36m[1m[vite][22m[39m [90m[2m(client)[22m[39m [32mhmr update [39m[2m/src/components/home/TrendingMovieSheet.vue, /src/assets/styles/main.css[22m
[2mAM 10:29:12[22m [36m[1m[vite][22m[39m [90m[2m(client)[22m[39m [32mhmr update [39m[2m/src/components/home/TrendingMovies.vue, /src/assets/styles/main.css[22m
[2mAM 10:29:56[22m [36m[1m[vite][22m[39m [90m[2m(client)[22m[39m [32mhmr update [39m[2m/src/components/library/LibraryMovieCard.vue, /src/assets/styles/main.css[22m
[2mAM 10:29:56[22m [36m[1m[vite][22m[39m [90m[2m(client)[22m[39m [32mhmr update [39m[2m/src/views/LibraryView.vue, /src/assets/styles/main.css[22m
[2mAM 10:29:56[22m [36m[1m[vite][22m[39m [90m[2m(client)[22m[39m [32mhmr update [39m[2m/src/components/history/RatedMovieHistoryCard.vue, /src/assets/styles/main.css[22m
[2mAM 10:29:56[22m [36m[1m[vite][22m[39m [90m[2m(client)[22m[39m [32mhmr update [39m[2m/src/views/RatedMoviesView.vue, /src/assets/styles/main.css[22m
[2mAM 10:30:42[22m [36m[1m[vite][22m[39m [90m[2m(client)[22m[39m [32mhmr update [39m[2m/src/components/lists/ListComposerCard.vue, /src/assets/styles/main.css[22m
[2mAM 10:30:42[22m [36m[1m[vite][22m[39m [90m[2m(client)[22m[39m [32mhmr update [39m[2m/src/components/lists/ListMovieShelf.vue, /src/assets/styles/main.css[22m
[2mAM 10:30:42[22m [36m[1m[vite][22m[39m [90m[2m(client)[22m[39m [32mhmr update [39m[2m/src/components/lists/SharedListCard.vue, /src/assets/styles/main.css[22m
[2mAM 10:30:42[22m [36m[1m[vite][22m[39m [90m[2m(client)[22m[39m [32mhmr update [39m[2m/src/components/lists/UserListCard.vue, /src/assets/styles/main.css[22m
[2mAM 10:30:42[22m [36m[1m[vite][22m[39m [90m[2m(client)[22m[39m [32mhmr update [39m[2m/src/views/ListsView.vue, /src/assets/styles/main.css[22m
[2mAM 10:31:28[22m [36m[1m[vite][22m[39m [90m[2m(client)[22m[39m [32mpage reload [39m[2msrc/components/rating/RatingPosterSelectionCard.vue[22m
[2mAM 10:31:28[22m [36m[1m[vite][22m[39m [90m[2m(client)[22m[39m [32mhmr update [39m[2m/src/components/rating/NegativeFeedbackForm.vue, /src/assets/styles/main.css[22m
[2mAM 10:31:28[22m [36m[1m[vite][22m[39m [90m[2m(client)[22m[39m [32mhmr update [39m[2m/src/components/rating/PositiveFeedbackForm.vue, /src/assets/styles/main.css[22m
[2mAM 10:31:28[22m [36m[1m[vite][22m[39m [90m[2m(client)[22m[39m [32mhmr update [39m[2m/src/components/rating/RatingMovieCard.vue, /src/assets/styles/main.css[22m
[2mAM 10:31:28[22m [36m[1m[vite][22m[39m [90m[2m(client)[22m[39m [32mhmr update [39m[2m/src/views/RatingView.vue, /src/assets/styles/main.css[22m
[2mAM 10:31:28[22m [36m[1m[vite][22m[39m [90m[2m(client)[22m[39m [32mhmr update [39m[2m/src/views/EditRatingView.vue, /src/assets/styles/main.css[22m
[2mAM 10:32:20[22m [36m[1m[vite][22m[39m [90m[2m(client)[22m[39m [32mhmr update [39m[2m/src/components/recommendations/RecommendationListCard.vue, /src/assets/styles/main.css[22m
[2mAM 10:32:20[22m [36m[1m[vite][22m[39m [90m[2m(client)[22m[39m [32mhmr update [39m[2m/src/components/recommendations/RecommendationMovieCard.vue, /src/assets/styles/main.css[22m
[2mAM 10:32:20[22m [36m[1m[vite][22m[39m [90m[2m(client)[22m[39m [32mhmr update [39m[2m/src/views/RecommendationsView.vue, /src/assets/styles/main.css[22m
[2mAM 10:32:20[22m [36m[1m[vite][22m[39m [90m[2m(client)[22m[39m [32mhmr update [39m[2m/src/components/recommendations/RecommendationMovieSheet.vue, /src/assets/styles/main.css[22m
[2mAM 10:32:20[22m [36m[1m[vite][22m[39m [90m[2m(client)[22m[39m [32mhmr update [39m[2m/src/views/LoginView.vue, /src/assets/styles/main.css[22m
[2mAM 10:33:06[22m [36m[1m[vite][22m[39m [90m[2m(client)[22m[39m [32mhmr update [39m[2m/src/components/lists/SharedListCard.vue, /src/assets/styles/main.css[22m
[2mAM 10:34:13[22m [36m[1m[vite][22m[39m [90m[2m(client)[22m[39m [32mhmr update [39m[2m/src/views/ListsView.vue, /src/assets/styles/main.css[22m
